2025-11-25T00:42:40.100Z [ctureModificationListener$Companion.initForProject] INFO ProjectStructureModificationListener is init for project Python
2025-11-25T00:42:40.103Z [s.AiToolwindowsInitializer.reinitializeToolWindows] INFO AI state ENABLED
2025-11-25T00:42:40.113Z [intellij.services.AiInitializeManager.initializeAI] INFO IntelliJ listens web server on port: 63342
2025-11-25T00:42:40.390Z [y.aiintellij.ui.panels.AIToolWindowLogPanel.<init>] INFO initializing a logs panel
2025-11-25T00:42:40.459Z [y.aiintellij.ui.panels.AIToolWindowLogPanel.<init>] INFO initializing a logs panel
2025-11-25T00:42:42.046Z [urity.aiintellij.utils.logging.AiLoggerAdapter.log] SEVE can't determine total memory
2025-11-25T00:42:42.046Z [urity.aiintellij.utils.logging.AiLoggerAdapter.log] SEVE Unable to locate JNA native support library
2025-11-25T00:42:42.050Z [urity.aiintellij.utils.logging.AiLoggerAdapter.log] SEVE can't determine bitness
2025-11-25T00:42:42.050Z [urity.aiintellij.utils.logging.AiLoggerAdapter.log] SEVE Could not initialize class com.sun.jna.Native
2025-11-25T00:42:42.051Z [urity.aiintellij.utils.logging.AiLoggerAdapter.log] INFO compatibility warnings: []
2025-11-25T00:42:42.051Z [urity.aiintellij.utils.logging.AiLoggerAdapter.log] INFO compatibility errors: []
2025-11-25T00:42:46.424Z [tructureTask$run$2.invokeSuspend$lambda$1$lambda$0] INFO analyzer downloading: 4096/2331512847 B
2025-11-25T00:42:48.904Z [tructureTask$run$2.invokeSuspend$lambda$1$lambda$0] INFO analyzer downloading: 10492303/2331512847 B
2025-11-25T00:42:51.220Z [tructureTask$run$2.invokeSuspend$lambda$1$lambda$0] INFO analyzer downloading: 20982159/2331512847 B
2025-11-25T00:42:53.937Z [tructureTask$run$2.invokeSuspend$lambda$1$lambda$0] INFO analyzer downloading: 31472015/2331512847 B
2025-11-25T00:42:55.943Z [tructureTask$run$2.invokeSuspend$lambda$1$lambda$0] INFO analyzer downloading: 41961871/2331512847 B
2025-11-25T00:42:58.114Z [tructureTask$run$2.invokeSuspend$lambda$1$lambda$0] INFO analyzer downloading: 52451727/2331512847 B
2025-11-25T00:43:00.565Z [tructureTask$run$2.invokeSuspend$lambda$1$lambda$0] INFO analyzer downloading: 62941583/2331512847 B
2025-11-25T00:43:03.018Z [tructureTask$run$2.invokeSuspend$lambda$1$lambda$0] INFO analyzer downloading: 73431439/2331512847 B
2025-11-25T00:43:05.734Z [tructureTask$run$2.invokeSuspend$lambda$1$lambda$0] INFO analyzer downloading: 83921295/2331512847 B
2025-11-25T00:43:08.665Z [tructureTask$run$2.invokeSuspend$lambda$1$lambda$0] INFO analyzer downloading: 94411151/2331512847 B
2025-11-25T00:43:12.018Z [tructureTask$run$2.invokeSuspend$lambda$1$lambda$0] INFO analyzer downloading: 104901007/2331512847 B
2025-11-25T00:43:15.158Z [tructureTask$run$2.invokeSuspend$lambda$1$lambda$0] INFO analyzer downloading: 115390863/2331512847 B
2025-11-25T00:43:18.228Z [tructureTask$run$2.invokeSuspend$lambda$1$lambda$0] INFO analyzer downloading: 125880719/2331512847 B
2025-11-25T00:43:21.071Z [tructureTask$run$2.invokeSuspend$lambda$1$lambda$0] INFO analyzer downloading: 136370575/2331512847 B
2025-11-25T00:43:23.368Z [tructureTask$run$2.invokeSuspend$lambda$1$lambda$0] INFO analyzer downloading: 146860431/2331512847 B
2025-11-25T00:43:25.630Z [tructureTask$run$2.invokeSuspend$lambda$1$lambda$0] INFO analyzer downloading: 157350287/2331512847 B
2025-11-25T00:43:28.171Z [tructureTask$run$2.invokeSuspend$lambda$1$lambda$0] INFO analyzer downloading: 167840143/2331512847 B
2025-11-25T00:43:30.765Z [tructureTask$run$2.invokeSuspend$lambda$1$lambda$0] INFO analyzer downloading: 178329999/2331512847 B
2025-11-25T00:43:33.298Z [tructureTask$run$2.invokeSuspend$lambda$1$lambda$0] INFO analyzer downloading: 188819855/2331512847 B
2025-11-25T00:43:35.767Z [tructureTask$run$2.invokeSuspend$lambda$1$lambda$0] INFO analyzer downloading: 199309711/2331512847 B
2025-11-25T00:43:38.207Z [tructureTask$run$2.invokeSuspend$lambda$1$lambda$0] INFO analyzer downloading: 209799567/2331512847 B
2025-11-25T00:43:40.473Z [tructureTask$run$2.invokeSuspend$lambda$1$lambda$0] INFO analyzer downloading: 220289423/2331512847 B
2025-11-25T00:43:42.487Z [tructureTask$run$2.invokeSuspend$lambda$1$lambda$0] INFO analyzer downloading: 230779279/2331512847 B
2025-11-25T00:43:44.177Z [tructureTask$run$2.invokeSuspend$lambda$1$lambda$0] INFO analyzer downloading: 241269135/2331512847 B
2025-11-25T00:43:45.586Z [tructureTask$run$2.invokeSuspend$lambda$1$lambda$0] INFO analyzer downloading: 251758991/2331512847 B
2025-11-25T00:43:46.802Z [tructureTask$run$2.invokeSuspend$lambda$1$lambda$0] INFO analyzer downloading: 262248847/2331512847 B
2025-11-25T00:43:47.891Z [tructureTask$run$2.invokeSuspend$lambda$1$lambda$0] INFO analyzer downloading: 272738703/2331512847 B
2025-11-25T00:43:48.814Z [tructureTask$run$2.invokeSuspend$lambda$1$lambda$0] INFO analyzer downloading: 283228559/2331512847 B
2025-11-25T00:43:50.177Z [tructureTask$run$2.invokeSuspend$lambda$1$lambda$0] INFO analyzer downloading: 293718415/2331512847 B
2025-11-25T00:43:51.703Z [tructureTask$run$2.invokeSuspend$lambda$1$lambda$0] INFO analyzer downloading: 304208271/2331512847 B
2025-11-25T00:43:53.171Z [tructureTask$run$2.invokeSuspend$lambda$1$lambda$0] INFO analyzer downloading: 314698127/2331512847 B
2025-11-25T00:43:54.613Z [tructureTask$run$2.invokeSuspend$lambda$1$lambda$0] INFO analyzer downloading: 325187983/2331512847 B
2025-11-25T00:43:56.047Z [tructureTask$run$2.invokeSuspend$lambda$1$lambda$0] INFO analyzer downloading: 335677839/2331512847 B
2025-11-25T00:43:57.374Z [tructureTask$run$2.invokeSuspend$lambda$1$lambda$0] INFO analyzer downloading: 346167695/2331512847 B
2025-11-25T00:43:58.781Z [tructureTask$run$2.invokeSuspend$lambda$1$lambda$0] INFO analyzer downloading: 356657551/2331512847 B
2025-11-25T00:44:00.192Z [tructureTask$run$2.invokeSuspend$lambda$1$lambda$0] INFO analyzer downloading: 367147407/2331512847 B
2025-11-25T00:44:01.511Z [tructureTask$run$2.invokeSuspend$lambda$1$lambda$0] INFO analyzer downloading: 377637263/2331512847 B
2025-11-25T00:44:02.901Z [tructureTask$run$2.invokeSuspend$lambda$1$lambda$0] INFO analyzer downloading: 388127119/2331512847 B
2025-11-25T00:44:04.181Z [tructureTask$run$2.invokeSuspend$lambda$1$lambda$0] INFO analyzer downloading: 398616975/2331512847 B
2025-11-25T00:44:05.451Z [tructureTask$run$2.invokeSuspend$lambda$1$lambda$0] INFO analyzer downloading: 409106831/2331512847 B
2025-11-25T00:44:06.635Z [tructureTask$run$2.invokeSuspend$lambda$1$lambda$0] INFO analyzer downloading: 419596687/2331512847 B
2025-11-25T00:44:07.782Z [tructureTask$run$2.invokeSuspend$lambda$1$lambda$0] INFO analyzer downloading: 430086543/2331512847 B
2025-11-25T00:44:08.810Z [tructureTask$run$2.invokeSuspend$lambda$1$lambda$0] INFO analyzer downloading: 440576399/2331512847 B
2025-11-25T00:44:09.781Z [tructureTask$run$2.invokeSuspend$lambda$1$lambda$0] INFO analyzer downloading: 451066255/2331512847 B
2025-11-25T00:44:10.707Z [tructureTask$run$2.invokeSuspend$lambda$1$lambda$0] INFO analyzer downloading: 461556111/2331512847 B
2025-11-25T00:44:12.161Z [tructureTask$run$2.invokeSuspend$lambda$1$lambda$0] INFO analyzer downloading: 472045967/2331512847 B
2025-11-25T00:44:14.355Z [tructureTask$run$2.invokeSuspend$lambda$1$lambda$0] INFO analyzer downloading: 482535823/2331512847 B
2025-11-25T00:44:16.329Z [tructureTask$run$2.invokeSuspend$lambda$1$lambda$0] INFO analyzer downloading: 493025679/2331512847 B
2025-11-25T00:44:18.715Z [tructureTask$run$2.invokeSuspend$lambda$1$lambda$0] INFO analyzer downloading: 503515535/2331512847 B
2025-11-25T00:44:21.106Z [tructureTask$run$2.invokeSuspend$lambda$1$lambda$0] INFO analyzer downloading: 514005391/2331512847 B
2025-11-25T00:44:23.359Z [tructureTask$run$2.invokeSuspend$lambda$1$lambda$0] INFO analyzer downloading: 524495247/2331512847 B
2025-11-25T00:44:25.677Z [tructureTask$run$2.invokeSuspend$lambda$1$lambda$0] INFO analyzer downloading: 534985103/2331512847 B
2025-11-25T00:44:28.343Z [tructureTask$run$2.invokeSuspend$lambda$1$lambda$0] INFO analyzer downloading: 545474959/2331512847 B
2025-11-25T00:44:32.330Z [tructureTask$run$2.invokeSuspend$lambda$1$lambda$0] INFO analyzer downloading: 555964815/2331512847 B
2025-11-25T00:44:36.049Z [tructureTask$run$2.invokeSuspend$lambda$1$lambda$0] INFO analyzer downloading: 566454671/2331512847 B
2025-11-25T00:44:39.630Z [tructureTask$run$2.invokeSuspend$lambda$1$lambda$0] INFO analyzer downloading: 576944527/2331512847 B
2025-11-25T00:44:42.469Z [tructureTask$run$2.invokeSuspend$lambda$1$lambda$0] INFO analyzer downloading: 587434383/2331512847 B
2025-11-25T00:44:44.535Z [tructureTask$run$2.invokeSuspend$lambda$1$lambda$0] INFO analyzer downloading: 597924239/2331512847 B
2025-11-25T00:44:46.214Z [tructureTask$run$2.invokeSuspend$lambda$1$lambda$0] INFO analyzer downloading: 608414095/2331512847 B
2025-11-25T00:44:47.500Z [tructureTask$run$2.invokeSuspend$lambda$1$lambda$0] INFO analyzer downloading: 618903951/2331512847 B
2025-11-25T00:44:48.607Z [tructureTask$run$2.invokeSuspend$lambda$1$lambda$0] INFO analyzer downloading: 629393807/2331512847 B
2025-11-25T00:44:49.571Z [tructureTask$run$2.invokeSuspend$lambda$1$lambda$0] INFO analyzer downloading: 639883663/2331512847 B
2025-11-25T00:44:51.290Z [tructureTask$run$2.invokeSuspend$lambda$1$lambda$0] INFO analyzer downloading: 650373519/2331512847 B
2025-11-25T00:44:53.275Z [tructureTask$run$2.invokeSuspend$lambda$1$lambda$0] INFO analyzer downloading: 660863375/2331512847 B
2025-11-25T00:44:55.720Z [tructureTask$run$2.invokeSuspend$lambda$1$lambda$0] INFO analyzer downloading: 671353231/2331512847 B
2025-11-25T00:44:58.188Z [tructureTask$run$2.invokeSuspend$lambda$1$lambda$0] INFO analyzer downloading: 681843087/2331512847 B
2025-11-25T00:45:00.637Z [tructureTask$run$2.invokeSuspend$lambda$1$lambda$0] INFO analyzer downloading: 692332943/2331512847 B
2025-11-25T00:45:03.070Z [tructureTask$run$2.invokeSuspend$lambda$1$lambda$0] INFO analyzer downloading: 702822799/2331512847 B
2025-11-25T00:45:05.450Z [tructureTask$run$2.invokeSuspend$lambda$1$lambda$0] INFO analyzer downloading: 713312655/2331512847 B
2025-11-25T00:45:07.687Z [tructureTask$run$2.invokeSuspend$lambda$1$lambda$0] INFO analyzer downloading: 723802511/2331512847 B
2025-11-25T00:45:09.644Z [tructureTask$run$2.invokeSuspend$lambda$1$lambda$0] INFO analyzer downloading: 734292367/2331512847 B
2025-11-25T00:45:11.353Z [tructureTask$run$2.invokeSuspend$lambda$1$lambda$0] INFO analyzer downloading: 744782223/2331512847 B
2025-11-25T00:45:12.821Z [tructureTask$run$2.invokeSuspend$lambda$1$lambda$0] INFO analyzer downloading: 755272079/2331512847 B
2025-11-25T00:45:14.051Z [tructureTask$run$2.invokeSuspend$lambda$1$lambda$0] INFO analyzer downloading: 765761935/2331512847 B
2025-11-25T00:45:15.160Z [tructureTask$run$2.invokeSuspend$lambda$1$lambda$0] INFO analyzer downloading: 776251791/2331512847 B
2025-11-25T00:45:16.127Z [tructureTask$run$2.invokeSuspend$lambda$1$lambda$0] INFO analyzer downloading: 786741647/2331512847 B
2025-11-25T00:45:17.644Z [tructureTask$run$2.invokeSuspend$lambda$1$lambda$0] INFO analyzer downloading: 797231503/2331512847 B
2025-11-25T00:45:19.143Z [tructureTask$run$2.invokeSuspend$lambda$1$lambda$0] INFO analyzer downloading: 807721359/2331512847 B
2025-11-25T00:45:20.659Z [tructureTask$run$2.invokeSuspend$lambda$1$lambda$0] INFO analyzer downloading: 818211215/2331512847 B
2025-11-25T00:45:22.094Z [tructureTask$run$2.invokeSuspend$lambda$1$lambda$0] INFO analyzer downloading: 828701071/2331512847 B
2025-11-25T00:45:23.552Z [tructureTask$run$2.invokeSuspend$lambda$1$lambda$0] INFO analyzer downloading: 839190927/2331512847 B
2025-11-25T00:45:25.004Z [tructureTask$run$2.invokeSuspend$lambda$1$lambda$0] INFO analyzer downloading: 849680783/2331512847 B
2025-11-25T00:45:26.449Z [tructureTask$run$2.invokeSuspend$lambda$1$lambda$0] INFO analyzer downloading: 860170639/2331512847 B
2025-11-25T00:45:27.882Z [tructureTask$run$2.invokeSuspend$lambda$1$lambda$0] INFO analyzer downloading: 870660495/2331512847 B
2025-11-25T00:45:29.192Z [tructureTask$run$2.invokeSuspend$lambda$1$lambda$0] INFO analyzer downloading: 881150351/2331512847 B
2025-11-25T00:45:30.625Z [tructureTask$run$2.invokeSuspend$lambda$1$lambda$0] INFO analyzer downloading: 891640207/2331512847 B
2025-11-25T00:45:31.933Z [tructureTask$run$2.invokeSuspend$lambda$1$lambda$0] INFO analyzer downloading: 902130063/2331512847 B
2025-11-25T00:45:33.283Z [tructureTask$run$2.invokeSuspend$lambda$1$lambda$0] INFO analyzer downloading: 912619919/2331512847 B
2025-11-25T00:45:34.483Z [tructureTask$run$2.invokeSuspend$lambda$1$lambda$0] INFO analyzer downloading: 923109775/2331512847 B
2025-11-25T00:45:35.527Z [tructureTask$run$2.invokeSuspend$lambda$1$lambda$0] INFO analyzer downloading: 933599631/2331512847 B
2025-11-25T00:45:36.535Z [tructureTask$run$2.invokeSuspend$lambda$1$lambda$0] INFO analyzer downloading: 944089487/2331512847 B
2025-11-25T00:45:37.506Z [tructureTask$run$2.invokeSuspend$lambda$1$lambda$0] INFO analyzer downloading: 954579343/2331512847 B
2025-11-25T00:45:38.978Z [tructureTask$run$2.invokeSuspend$lambda$1$lambda$0] INFO analyzer downloading: 965069199/2331512847 B
2025-11-25T00:45:41.159Z [tructureTask$run$2.invokeSuspend$lambda$1$lambda$0] INFO analyzer downloading: 975559055/2331512847 B
2025-11-25T00:45:43.275Z [tructureTask$run$2.invokeSuspend$lambda$1$lambda$0] INFO analyzer downloading: 986048911/2331512847 B
2025-11-25T00:45:45.289Z [tructureTask$run$2.invokeSuspend$lambda$1$lambda$0] INFO analyzer downloading: 996538767/2331512847 B
2025-11-25T00:45:47.492Z [tructureTask$run$2.invokeSuspend$lambda$1$lambda$0] INFO analyzer downloading: 1007028623/2331512847 B
2025-11-25T00:45:49.753Z [tructureTask$run$2.invokeSuspend$lambda$1$lambda$0] INFO analyzer downloading: 1017518479/2331512847 B
2025-11-25T00:45:52Z [tructureTask$run$2.invokeSuspend$lambda$1$lambda$0] INFO analyzer downloading: 1028008335/2331512847 B
2025-11-25T00:45:54.069Z [tructureTask$run$2.invokeSuspend$lambda$1$lambda$0] INFO analyzer downloading: 1038498191/2331512847 B
2025-11-25T00:45:55.912Z [tructureTask$run$2.invokeSuspend$lambda$1$lambda$0] INFO analyzer downloading: 1048988047/2331512847 B
2025-11-25T00:45:57.446Z [tructureTask$run$2.invokeSuspend$lambda$1$lambda$0] INFO analyzer downloading: 1059477903/2331512847 B
