2025-11-25T00:47:25.230Z [ctureModificationListener$Companion.initForProject] INFO ProjectStructureModificationListener is init for project Python
2025-11-25T00:47:25.233Z [s.AiToolwindowsInitializer.reinitializeToolWindows] INFO AI state ENABLED
2025-11-25T00:47:26.027Z [y.aiintellij.ui.panels.AIToolWindowLogPanel.<init>] INFO initializing a logs panel
2025-11-25T00:47:26.094Z [y.aiintellij.ui.panels.AIToolWindowLogPanel.<init>] INFO initializing a logs panel
2025-11-25T00:47:26.266Z [intellij.services.AiInitializeManager.initializeAI] INFO IntelliJ listens web server on port: 63342
2025-11-25T00:47:28.977Z [urity.aiintellij.utils.logging.AiLoggerAdapter.log] SEVE can't determine total memory
2025-11-25T00:47:28.977Z [urity.aiintellij.utils.logging.AiLoggerAdapter.log] SEVE Unable to locate JNA native support library
2025-11-25T00:47:28.980Z [urity.aiintellij.utils.logging.AiLoggerAdapter.log] SEVE can't determine bitness
2025-11-25T00:47:28.980Z [urity.aiintellij.utils.logging.AiLoggerAdapter.log] SEVE Could not initialize class com.sun.jna.Native
2025-11-25T00:47:28.982Z [urity.aiintellij.utils.logging.AiLoggerAdapter.log] INFO compatibility warnings: []
2025-11-25T00:47:28.982Z [urity.aiintellij.utils.logging.AiLoggerAdapter.log] INFO compatibility errors: []
2025-11-25T00:47:32.677Z [tructureTask$run$2.invokeSuspend$lambda$1$lambda$0] INFO analyzer downloading: 4096/2331512847 B
2025-11-25T00:47:36.548Z [tructureTask$run$2.invokeSuspend$lambda$1$lambda$0] INFO analyzer downloading: 10492303/2331512847 B
2025-11-25T00:47:40.070Z [tructureTask$run$2.invokeSuspend$lambda$1$lambda$0] INFO analyzer downloading: 20982159/2331512847 B
2025-11-25T00:47:43.375Z [tructureTask$run$2.invokeSuspend$lambda$1$lambda$0] INFO analyzer downloading: 31472015/2331512847 B
2025-11-25T00:47:47.967Z [tructureTask$run$2.invokeSuspend$lambda$1$lambda$0] INFO analyzer downloading: 41961871/2331512847 B
2025-11-25T00:47:53.391Z [tructureTask$run$2.invokeSuspend$lambda$1$lambda$0] INFO analyzer downloading: 52451727/2331512847 B
2025-11-25T00:47:58.101Z [tructureTask$run$2.invokeSuspend$lambda$1$lambda$0] INFO analyzer downloading: 62941583/2331512847 B
2025-11-25T00:48:02.129Z [tructureTask$run$2.invokeSuspend$lambda$1$lambda$0] INFO analyzer downloading: 73431439/2331512847 B
2025-11-25T00:48:04.951Z [tructureTask$run$2.invokeSuspend$lambda$1$lambda$0] INFO analyzer downloading: 83921295/2331512847 B
2025-11-25T00:48:06.873Z [tructureTask$run$2.invokeSuspend$lambda$1$lambda$0] INFO analyzer downloading: 94411151/2331512847 B
2025-11-25T00:48:08.336Z [tructureTask$run$2.invokeSuspend$lambda$1$lambda$0] INFO analyzer downloading: 104901007/2331512847 B
2025-11-25T00:48:09.666Z [tructureTask$run$2.invokeSuspend$lambda$1$lambda$0] INFO analyzer downloading: 115390863/2331512847 B
2025-11-25T00:48:10.632Z [tructureTask$run$2.invokeSuspend$lambda$1$lambda$0] INFO analyzer downloading: 125880719/2331512847 B
2025-11-25T00:48:12.083Z [tructureTask$run$2.invokeSuspend$lambda$1$lambda$0] INFO analyzer downloading: 136370575/2331512847 B
2025-11-25T00:48:13.751Z [tructureTask$run$2.invokeSuspend$lambda$1$lambda$0] INFO analyzer downloading: 146860431/2331512847 B
2025-11-25T00:48:15.686Z [tructureTask$run$2.invokeSuspend$lambda$1$lambda$0] INFO analyzer downloading: 157350287/2331512847 B
2025-11-25T00:48:17.606Z [tructureTask$run$2.invokeSuspend$lambda$1$lambda$0] INFO analyzer downloading: 167840143/2331512847 B
2025-11-25T00:48:19.487Z [tructureTask$run$2.invokeSuspend$lambda$1$lambda$0] INFO analyzer downloading: 178329999/2331512847 B
2025-11-25T00:48:21.350Z [tructureTask$run$2.invokeSuspend$lambda$1$lambda$0] INFO analyzer downloading: 188819855/2331512847 B
2025-11-25T00:48:23.220Z [tructureTask$run$2.invokeSuspend$lambda$1$lambda$0] INFO analyzer downloading: 199309711/2331512847 B
2025-11-25T00:48:24.992Z [tructureTask$run$2.invokeSuspend$lambda$1$lambda$0] INFO analyzer downloading: 209799567/2331512847 B
2025-11-25T00:48:26.820Z [tructureTask$run$2.invokeSuspend$lambda$1$lambda$0] INFO analyzer downloading: 220289423/2331512847 B
2025-11-25T00:48:28.516Z [tructureTask$run$2.invokeSuspend$lambda$1$lambda$0] INFO analyzer downloading: 230779279/2331512847 B
2025-11-25T00:48:30.127Z [tructureTask$run$2.invokeSuspend$lambda$1$lambda$0] INFO analyzer downloading: 241269135/2331512847 B
2025-11-25T00:48:31.553Z [tructureTask$run$2.invokeSuspend$lambda$1$lambda$0] INFO analyzer downloading: 251758991/2331512847 B
2025-11-25T00:48:32.788Z [tructureTask$run$2.invokeSuspend$lambda$1$lambda$0] INFO analyzer downloading: 262248847/2331512847 B
2025-11-25T00:48:33.932Z [tructureTask$run$2.invokeSuspend$lambda$1$lambda$0] INFO analyzer downloading: 272738703/2331512847 B
2025-11-25T00:48:34.932Z [tructureTask$run$2.invokeSuspend$lambda$1$lambda$0] INFO analyzer downloading: 283228559/2331512847 B
2025-11-25T00:48:35.847Z [tructureTask$run$2.invokeSuspend$lambda$1$lambda$0] INFO analyzer downloading: 293718415/2331512847 B
2025-11-25T00:48:37.072Z [tructureTask$run$2.invokeSuspend$lambda$1$lambda$0] INFO analyzer downloading: 304208271/2331512847 B
2025-11-25T00:48:39.019Z [tructureTask$run$2.invokeSuspend$lambda$1$lambda$0] INFO analyzer downloading: 314698127/2331512847 B
2025-11-25T00:48:41.021Z [tructureTask$run$2.invokeSuspend$lambda$1$lambda$0] INFO analyzer downloading: 325187983/2331512847 B
2025-11-25T00:48:43.059Z [tructureTask$run$2.invokeSuspend$lambda$1$lambda$0] INFO analyzer downloading: 335677839/2331512847 B
2025-11-25T00:48:45.296Z [tructureTask$run$2.invokeSuspend$lambda$1$lambda$0] INFO analyzer downloading: 346167695/2331512847 B
2025-11-25T00:48:47.507Z [tructureTask$run$2.invokeSuspend$lambda$1$lambda$0] INFO analyzer downloading: 356657551/2331512847 B
2025-11-25T00:48:49.658Z [tructureTask$run$2.invokeSuspend$lambda$1$lambda$0] INFO analyzer downloading: 367147407/2331512847 B
2025-11-25T00:48:51.894Z [tructureTask$run$2.invokeSuspend$lambda$1$lambda$0] INFO analyzer downloading: 377637263/2331512847 B
2025-11-25T00:48:54.039Z [tructureTask$run$2.invokeSuspend$lambda$1$lambda$0] INFO analyzer downloading: 388127119/2331512847 B
2025-11-25T00:48:56.061Z [tructureTask$run$2.invokeSuspend$lambda$1$lambda$0] INFO analyzer downloading: 398616975/2331512847 B
2025-11-25T00:48:57.937Z [tructureTask$run$2.invokeSuspend$lambda$1$lambda$0] INFO analyzer downloading: 409106831/2331512847 B
2025-11-25T00:48:59.587Z [tructureTask$run$2.invokeSuspend$lambda$1$lambda$0] INFO analyzer downloading: 419596687/2331512847 B
2025-11-25T00:49:01.016Z [tructureTask$run$2.invokeSuspend$lambda$1$lambda$0] INFO analyzer downloading: 430086543/2331512847 B
2025-11-25T00:49:02.231Z [tructureTask$run$2.invokeSuspend$lambda$1$lambda$0] INFO analyzer downloading: 440576399/2331512847 B
2025-11-25T00:49:03.363Z [tructureTask$run$2.invokeSuspend$lambda$1$lambda$0] INFO analyzer downloading: 451066255/2331512847 B
2025-11-25T00:49:04.329Z [tructureTask$run$2.invokeSuspend$lambda$1$lambda$0] INFO analyzer downloading: 461556111/2331512847 B
2025-11-25T00:49:05.276Z [tructureTask$run$2.invokeSuspend$lambda$1$lambda$0] INFO analyzer downloading: 472045967/2331512847 B
2025-11-25T00:49:07.678Z [tructureTask$run$2.invokeSuspend$lambda$1$lambda$0] INFO analyzer downloading: 482535823/2331512847 B
2025-11-25T00:49:09.810Z [tructureTask$run$2.invokeSuspend$lambda$1$lambda$0] INFO analyzer downloading: 493025679/2331512847 B
2025-11-25T00:49:11.717Z [tructureTask$run$2.invokeSuspend$lambda$1$lambda$0] INFO analyzer downloading: 503515535/2331512847 B
2025-11-25T00:49:13.624Z [tructureTask$run$2.invokeSuspend$lambda$1$lambda$0] INFO analyzer downloading: 514005391/2331512847 B
2025-11-25T00:49:15.664Z [tructureTask$run$2.invokeSuspend$lambda$1$lambda$0] INFO analyzer downloading: 524495247/2331512847 B
2025-11-25T00:49:17.567Z [tructureTask$run$2.invokeSuspend$lambda$1$lambda$0] INFO analyzer downloading: 534985103/2331512847 B
2025-11-25T00:49:19.300Z [tructureTask$run$2.invokeSuspend$lambda$1$lambda$0] INFO analyzer downloading: 545474959/2331512847 B
2025-11-25T00:49:21.155Z [tructureTask$run$2.invokeSuspend$lambda$1$lambda$0] INFO analyzer downloading: 555964815/2331512847 B
2025-11-25T00:49:22.654Z [tructureTask$run$2.invokeSuspend$lambda$1$lambda$0] INFO analyzer downloading: 566454671/2331512847 B
2025-11-25T00:49:24.071Z [tructureTask$run$2.invokeSuspend$lambda$1$lambda$0] INFO analyzer downloading: 576944527/2331512847 B
2025-11-25T00:49:25.451Z [tructureTask$run$2.invokeSuspend$lambda$1$lambda$0] INFO analyzer downloading: 587434383/2331512847 B
2025-11-25T00:49:26.478Z [tructureTask$run$2.invokeSuspend$lambda$1$lambda$0] INFO analyzer downloading: 597924239/2331512847 B
2025-11-25T00:49:27.567Z [tructureTask$run$2.invokeSuspend$lambda$1$lambda$0] INFO analyzer downloading: 608414095/2331512847 B
2025-11-25T00:49:28.459Z [tructureTask$run$2.invokeSuspend$lambda$1$lambda$0] INFO analyzer downloading: 618903951/2331512847 B
2025-11-25T00:49:30.116Z [tructureTask$run$2.invokeSuspend$lambda$1$lambda$0] INFO analyzer downloading: 629393807/2331512847 B
2025-11-25T00:49:31.635Z [tructureTask$run$2.invokeSuspend$lambda$1$lambda$0] INFO analyzer downloading: 639883663/2331512847 B
2025-11-25T00:49:33.070Z [tructureTask$run$2.invokeSuspend$lambda$1$lambda$0] INFO analyzer downloading: 650373519/2331512847 B
2025-11-25T00:49:34.490Z [tructureTask$run$2.invokeSuspend$lambda$1$lambda$0] INFO analyzer downloading: 660863375/2331512847 B
2025-11-25T00:49:35.908Z [tructureTask$run$2.invokeSuspend$lambda$1$lambda$0] INFO analyzer downloading: 671353231/2331512847 B
2025-11-25T00:49:37.315Z [tructureTask$run$2.invokeSuspend$lambda$1$lambda$0] INFO analyzer downloading: 681843087/2331512847 B
2025-11-25T00:49:38.725Z [tructureTask$run$2.invokeSuspend$lambda$1$lambda$0] INFO analyzer downloading: 692332943/2331512847 B
2025-11-25T00:49:40.108Z [tructureTask$run$2.invokeSuspend$lambda$1$lambda$0] INFO analyzer downloading: 702822799/2331512847 B
2025-11-25T00:49:41.513Z [tructureTask$run$2.invokeSuspend$lambda$1$lambda$0] INFO analyzer downloading: 713312655/2331512847 B
2025-11-25T00:49:42.814Z [tructureTask$run$2.invokeSuspend$lambda$1$lambda$0] INFO analyzer downloading: 723802511/2331512847 B
2025-11-25T00:49:44.146Z [tructureTask$run$2.invokeSuspend$lambda$1$lambda$0] INFO analyzer downloading: 734292367/2331512847 B
2025-11-25T00:49:45.375Z [tructureTask$run$2.invokeSuspend$lambda$1$lambda$0] INFO analyzer downloading: 744782223/2331512847 B
2025-11-25T00:49:46.526Z [tructureTask$run$2.invokeSuspend$lambda$1$lambda$0] INFO analyzer downloading: 755272079/2331512847 B
2025-11-25T00:49:47.640Z [tructureTask$run$2.invokeSuspend$lambda$1$lambda$0] INFO analyzer downloading: 765761935/2331512847 B
2025-11-25T00:49:48.621Z [tructureTask$run$2.invokeSuspend$lambda$1$lambda$0] INFO analyzer downloading: 776251791/2331512847 B
2025-11-25T00:49:49.557Z [tructureTask$run$2.invokeSuspend$lambda$1$lambda$0] INFO analyzer downloading: 786741647/2331512847 B
2025-11-25T00:49:50.464Z [tructureTask$run$2.invokeSuspend$lambda$1$lambda$0] INFO analyzer downloading: 797231503/2331512847 B
2025-11-25T00:49:53.771Z [tructureTask$run$2.invokeSuspend$lambda$1$lambda$0] INFO analyzer downloading: 807721359/2331512847 B
2025-11-25T00:49:55.771Z [tructureTask$run$2.invokeSuspend$lambda$1$lambda$0] INFO analyzer downloading: 818211215/2331512847 B
2025-11-25T00:49:58.148Z [tructureTask$run$2.invokeSuspend$lambda$1$lambda$0] INFO analyzer downloading: 828701071/2331512847 B
2025-11-25T00:50:00.338Z [tructureTask$run$2.invokeSuspend$lambda$1$lambda$0] INFO analyzer downloading: 839190927/2331512847 B
2025-11-25T00:50:02.548Z [tructureTask$run$2.invokeSuspend$lambda$1$lambda$0] INFO analyzer downloading: 849680783/2331512847 B
2025-11-25T00:50:04.745Z [tructureTask$run$2.invokeSuspend$lambda$1$lambda$0] INFO analyzer downloading: 860170639/2331512847 B
2025-11-25T00:50:06.739Z [tructureTask$run$2.invokeSuspend$lambda$1$lambda$0] INFO analyzer downloading: 870660495/2331512847 B
2025-11-25T00:50:08.941Z [tructureTask$run$2.invokeSuspend$lambda$1$lambda$0] INFO analyzer downloading: 881150351/2331512847 B
2025-11-25T00:50:11.131Z [tructureTask$run$2.invokeSuspend$lambda$1$lambda$0] INFO analyzer downloading: 891640207/2331512847 B
2025-11-25T00:50:13.341Z [tructureTask$run$2.invokeSuspend$lambda$1$lambda$0] INFO analyzer downloading: 902130063/2331512847 B
2025-11-25T00:50:15.698Z [tructureTask$run$2.invokeSuspend$lambda$1$lambda$0] INFO analyzer downloading: 912619919/2331512847 B
2025-11-25T00:50:18.009Z [tructureTask$run$2.invokeSuspend$lambda$1$lambda$0] INFO analyzer downloading: 923109775/2331512847 B
2025-11-25T00:50:20.233Z [tructureTask$run$2.invokeSuspend$lambda$1$lambda$0] INFO analyzer downloading: 933599631/2331512847 B
2025-11-25T00:50:22.476Z [tructureTask$run$2.invokeSuspend$lambda$1$lambda$0] INFO analyzer downloading: 944089487/2331512847 B
2025-11-25T00:50:24.738Z [tructureTask$run$2.invokeSuspend$lambda$1$lambda$0] INFO analyzer downloading: 954579343/2331512847 B
2025-11-25T00:50:26.866Z [tructureTask$run$2.invokeSuspend$lambda$1$lambda$0] INFO analyzer downloading: 965069199/2331512847 B
2025-11-25T00:50:28.801Z [tructureTask$run$2.invokeSuspend$lambda$1$lambda$0] INFO analyzer downloading: 975559055/2331512847 B
2025-11-25T00:50:30.816Z [tructureTask$run$2.invokeSuspend$lambda$1$lambda$0] INFO analyzer downloading: 986048911/2331512847 B
2025-11-25T00:50:32.924Z [tructureTask$run$2.invokeSuspend$lambda$1$lambda$0] INFO analyzer downloading: 996538767/2331512847 B
2025-11-25T00:50:35.441Z [tructureTask$run$2.invokeSuspend$lambda$1$lambda$0] INFO analyzer downloading: 1007028623/2331512847 B
2025-11-25T00:50:37.908Z [tructureTask$run$2.invokeSuspend$lambda$1$lambda$0] INFO analyzer downloading: 1017518479/2331512847 B
2025-11-25T00:50:40.213Z [tructureTask$run$2.invokeSuspend$lambda$1$lambda$0] INFO analyzer downloading: 1028008335/2331512847 B
2025-11-25T00:50:42.617Z [tructureTask$run$2.invokeSuspend$lambda$1$lambda$0] INFO analyzer downloading: 1038498191/2331512847 B
2025-11-25T00:50:44.868Z [tructureTask$run$2.invokeSuspend$lambda$1$lambda$0] INFO analyzer downloading: 1048988047/2331512847 B
2025-11-25T00:50:46.997Z [tructureTask$run$2.invokeSuspend$lambda$1$lambda$0] INFO analyzer downloading: 1059477903/2331512847 B
2025-11-25T00:50:48.856Z [tructureTask$run$2.invokeSuspend$lambda$1$lambda$0] INFO analyzer downloading: 1069967759/2331512847 B
2025-11-25T00:50:50.412Z [tructureTask$run$2.invokeSuspend$lambda$1$lambda$0] INFO analyzer downloading: 1080457615/2331512847 B
2025-11-25T00:50:51.787Z [tructureTask$run$2.invokeSuspend$lambda$1$lambda$0] INFO analyzer downloading: 1090947471/2331512847 B
2025-11-25T00:50:53.010Z [tructureTask$run$2.invokeSuspend$lambda$1$lambda$0] INFO analyzer downloading: 1101437327/2331512847 B
2025-11-25T00:50:59.949Z [tructureTask$run$2.invokeSuspend$lambda$1$lambda$0] INFO analyzer downloading: 1111926790/2331512847 B
2025-11-25T00:51:01.406Z [tructureTask$run$2.invokeSuspend$lambda$1$lambda$0] INFO analyzer downloading: 1122416646/2331512847 B
2025-11-25T00:51:03.305Z [tructureTask$run$2.invokeSuspend$lambda$1$lambda$0] INFO analyzer downloading: 1132906502/2331512847 B
2025-11-25T00:51:05.009Z [tructureTask$run$2.invokeSuspend$lambda$1$lambda$0] INFO analyzer downloading: 1143396358/2331512847 B
2025-11-25T00:51:06.859Z [tructureTask$run$2.invokeSuspend$lambda$1$lambda$0] INFO analyzer downloading: 1153886214/2331512847 B
2025-11-25T00:51:08.560Z [tructureTask$run$2.invokeSuspend$lambda$1$lambda$0] INFO analyzer downloading: 1164376070/2331512847 B
2025-11-25T00:51:10.383Z [tructureTask$run$2.invokeSuspend$lambda$1$lambda$0] INFO analyzer downloading: 1174865926/2331512847 B
2025-11-25T00:51:12.078Z [tructureTask$run$2.invokeSuspend$lambda$1$lambda$0] INFO analyzer downloading: 1185355782/2331512847 B
2025-11-25T00:51:13.747Z [tructureTask$run$2.invokeSuspend$lambda$1$lambda$0] INFO analyzer downloading: 1195845638/2331512847 B
2025-11-25T00:51:15.361Z [tructureTask$run$2.invokeSuspend$lambda$1$lambda$0] INFO analyzer downloading: 1206335494/2331512847 B
2025-11-25T00:51:16.808Z [tructureTask$run$2.invokeSuspend$lambda$1$lambda$0] INFO analyzer downloading: 1216825350/2331512847 B
2025-11-25T00:51:18.060Z [tructureTask$run$2.invokeSuspend$lambda$1$lambda$0] INFO analyzer downloading: 1227315206/2331512847 B
2025-11-25T00:51:19.248Z [tructureTask$run$2.invokeSuspend$lambda$1$lambda$0] INFO analyzer downloading: 1237805062/2331512847 B
2025-11-25T00:51:20.375Z [tructureTask$run$2.invokeSuspend$lambda$1$lambda$0] INFO analyzer downloading: 1248294918/2331512847 B
2025-11-25T00:51:21.331Z [tructureTask$run$2.invokeSuspend$lambda$1$lambda$0] INFO analyzer downloading: 1258784774/2331512847 B
2025-11-25T00:51:22.268Z [tructureTask$run$2.invokeSuspend$lambda$1$lambda$0] INFO analyzer downloading: 1269274630/2331512847 B
2025-11-25T00:51:23.983Z [tructureTask$run$2.invokeSuspend$lambda$1$lambda$0] INFO analyzer downloading: 1279764486/2331512847 B
2025-11-25T00:51:26.143Z [tructureTask$run$2.invokeSuspend$lambda$1$lambda$0] INFO analyzer downloading: 1290254342/2331512847 B
2025-11-25T00:51:28.064Z [tructureTask$run$2.invokeSuspend$lambda$1$lambda$0] INFO analyzer downloading: 1300744198/2331512847 B
2025-11-25T00:51:29.964Z [tructureTask$run$2.invokeSuspend$lambda$1$lambda$0] INFO analyzer downloading: 1311234054/2331512847 B
2025-11-25T00:51:31.857Z [tructureTask$run$2.invokeSuspend$lambda$1$lambda$0] INFO analyzer downloading: 1321723910/2331512847 B
2025-11-25T00:51:33.753Z [tructureTask$run$2.invokeSuspend$lambda$1$lambda$0] INFO analyzer downloading: 1332213766/2331512847 B
2025-11-25T00:51:35.634Z [tructureTask$run$2.invokeSuspend$lambda$1$lambda$0] INFO analyzer downloading: 1342703622/2331512847 B
2025-11-25T00:51:37.339Z [tructureTask$run$2.invokeSuspend$lambda$1$lambda$0] INFO analyzer downloading: 1353193478/2331512847 B
2025-11-25T00:51:38.990Z [tructureTask$run$2.invokeSuspend$lambda$1$lambda$0] INFO analyzer downloading: 1363683334/2331512847 B
2025-11-25T00:51:40.437Z [tructureTask$run$2.invokeSuspend$lambda$1$lambda$0] INFO analyzer downloading: 1374173190/2331512847 B
2025-11-25T00:51:41.783Z [tructureTask$run$2.invokeSuspend$lambda$1$lambda$0] INFO analyzer downloading: 1384663046/2331512847 B
2025-11-25T00:51:42.962Z [tructureTask$run$2.invokeSuspend$lambda$1$lambda$0] INFO analyzer downloading: 1395152902/2331512847 B
2025-11-25T00:51:43.943Z [tructureTask$run$2.invokeSuspend$lambda$1$lambda$0] INFO analyzer downloading: 1405642758/2331512847 B
2025-11-25T00:51:44.883Z [tructureTask$run$2.invokeSuspend$lambda$1$lambda$0] INFO analyzer downloading: 1416132614/2331512847 B
2025-11-25T00:51:46.183Z [tructureTask$run$2.invokeSuspend$lambda$1$lambda$0] INFO analyzer downloading: 1426622470/2331512847 B
2025-11-25T00:51:48.085Z [tructureTask$run$2.invokeSuspend$lambda$1$lambda$0] INFO analyzer downloading: 1437112326/2331512847 B
2025-11-25T00:51:50.053Z [tructureTask$run$2.invokeSuspend$lambda$1$lambda$0] INFO analyzer downloading: 1447602182/2331512847 B
2025-11-25T00:51:52.042Z [tructureTask$run$2.invokeSuspend$lambda$1$lambda$0] INFO analyzer downloading: 1458092038/2331512847 B
2025-11-25T00:51:53.933Z [tructureTask$run$2.invokeSuspend$lambda$1$lambda$0] INFO analyzer downloading: 1468581894/2331512847 B
2025-11-25T00:51:55.843Z [tructureTask$run$2.invokeSuspend$lambda$1$lambda$0] INFO analyzer downloading: 1479071750/2331512847 B
2025-11-25T00:51:57.729Z [tructureTask$run$2.invokeSuspend$lambda$1$lambda$0] INFO analyzer downloading: 1489561606/2331512847 B
2025-11-25T00:51:59.526Z [tructureTask$run$2.invokeSuspend$lambda$1$lambda$0] INFO analyzer downloading: 1500051462/2331512847 B
2025-11-25T00:52:01.260Z [tructureTask$run$2.invokeSuspend$lambda$1$lambda$0] INFO analyzer downloading: 1510541318/2331512847 B
2025-11-25T00:52:02.827Z [tructureTask$run$2.invokeSuspend$lambda$1$lambda$0] INFO analyzer downloading: 1521031174/2331512847 B
2025-11-25T00:52:04.246Z [tructureTask$run$2.invokeSuspend$lambda$1$lambda$0] INFO analyzer downloading: 1531521030/2331512847 B
2025-11-25T00:52:05.453Z [tructureTask$run$2.invokeSuspend$lambda$1$lambda$0] INFO analyzer downloading: 1542010886/2331512847 B
2025-11-25T00:52:06.598Z [tructureTask$run$2.invokeSuspend$lambda$1$lambda$0] INFO analyzer downloading: 1552500742/2331512847 B
2025-11-25T00:52:07.563Z [tructureTask$run$2.invokeSuspend$lambda$1$lambda$0] INFO analyzer downloading: 1562990598/2331512847 B
2025-11-25T00:52:08.539Z [tructureTask$run$2.invokeSuspend$lambda$1$lambda$0] INFO analyzer downloading: 1573480454/2331512847 B
2025-11-25T00:52:10.382Z [tructureTask$run$2.invokeSuspend$lambda$1$lambda$0] INFO analyzer downloading: 1583970310/2331512847 B
2025-11-25T00:52:12.801Z [tructureTask$run$2.invokeSuspend$lambda$1$lambda$0] INFO analyzer downloading: 1594460166/2331512847 B
2025-11-25T00:52:15.091Z [tructureTask$run$2.invokeSuspend$lambda$1$lambda$0] INFO analyzer downloading: 1604950022/2331512847 B
2025-11-25T00:52:17.328Z [tructureTask$run$2.invokeSuspend$lambda$1$lambda$0] INFO analyzer downloading: 1615439878/2331512847 B
2025-11-25T00:52:19.535Z [tructureTask$run$2.invokeSuspend$lambda$1$lambda$0] INFO analyzer downloading: 1625929734/2331512847 B
2025-11-25T00:52:21.736Z [tructureTask$run$2.invokeSuspend$lambda$1$lambda$0] INFO analyzer downloading: 1636419590/2331512847 B
2025-11-25T00:52:23.806Z [tructureTask$run$2.invokeSuspend$lambda$1$lambda$0] INFO analyzer downloading: 1646909446/2331512847 B
2025-11-25T00:52:25.675Z [tructureTask$run$2.invokeSuspend$lambda$1$lambda$0] INFO analyzer downloading: 1657399302/2331512847 B
2025-11-25T00:52:27.298Z [tructureTask$run$2.invokeSuspend$lambda$1$lambda$0] INFO analyzer downloading: 1667889158/2331512847 B
2025-11-25T00:52:28.803Z [tructureTask$run$2.invokeSuspend$lambda$1$lambda$0] INFO analyzer downloading: 1678379014/2331512847 B
2025-11-25T00:52:30.548Z [tructureTask$run$2.invokeSuspend$lambda$1$lambda$0] INFO analyzer downloading: 1688868870/2331512847 B
2025-11-25T00:52:32.107Z [tructureTask$run$2.invokeSuspend$lambda$1$lambda$0] INFO analyzer downloading: 1699358726/2331512847 B
2025-11-25T00:52:33.572Z [tructureTask$run$2.invokeSuspend$lambda$1$lambda$0] INFO analyzer downloading: 1709848582/2331512847 B
2025-11-25T00:52:34.979Z [tructureTask$run$2.invokeSuspend$lambda$1$lambda$0] INFO analyzer downloading: 1720338438/2331512847 B
2025-11-25T00:52:36.355Z [tructureTask$run$2.invokeSuspend$lambda$1$lambda$0] INFO analyzer downloading: 1730828294/2331512847 B
2025-11-25T00:52:37.730Z [tructureTask$run$2.invokeSuspend$lambda$1$lambda$0] INFO analyzer downloading: 1741318150/2331512847 B
2025-11-25T00:52:39.081Z [tructureTask$run$2.invokeSuspend$lambda$1$lambda$0] INFO analyzer downloading: 1751808006/2331512847 B
2025-11-25T00:52:40.452Z [tructureTask$run$2.invokeSuspend$lambda$1$lambda$0] INFO analyzer downloading: 1762297862/2331512847 B
2025-11-25T00:52:41.807Z [tructureTask$run$2.invokeSuspend$lambda$1$lambda$0] INFO analyzer downloading: 1772787718/2331512847 B
2025-11-25T00:52:43.146Z [tructureTask$run$2.invokeSuspend$lambda$1$lambda$0] INFO analyzer downloading: 1783277574/2331512847 B
2025-11-25T00:52:44.471Z [tructureTask$run$2.invokeSuspend$lambda$1$lambda$0] INFO analyzer downloading: 1793767430/2331512847 B
2025-11-25T00:52:45.780Z [tructureTask$run$2.invokeSuspend$lambda$1$lambda$0] INFO analyzer downloading: 1804257286/2331512847 B
2025-11-25T00:52:46.996Z [tructureTask$run$2.invokeSuspend$lambda$1$lambda$0] INFO analyzer downloading: 1814747142/2331512847 B
2025-11-25T00:52:48.176Z [tructureTask$run$2.invokeSuspend$lambda$1$lambda$0] INFO analyzer downloading: 1825236998/2331512847 B
2025-11-25T00:52:49.279Z [tructureTask$run$2.invokeSuspend$lambda$1$lambda$0] INFO analyzer downloading: 1835726854/2331512847 B
2025-11-25T00:52:50.584Z [tructureTask$run$2.invokeSuspend$lambda$1$lambda$0] INFO analyzer downloading: 1846216710/2331512847 B
2025-11-25T00:52:54.719Z [tructureTask$run$2.invokeSuspend$lambda$1$lambda$0] INFO analyzer downloading: 1856706566/2331512847 B
2025-11-25T00:52:58.185Z [tructureTask$run$2.invokeSuspend$lambda$1$lambda$0] INFO analyzer downloading: 1867196422/2331512847 B
2025-11-25T00:53:01.318Z [tructureTask$run$2.invokeSuspend$lambda$1$lambda$0] INFO analyzer downloading: 1877686278/2331512847 B
2025-11-25T00:53:04.363Z [tructureTask$run$2.invokeSuspend$lambda$1$lambda$0] INFO analyzer downloading: 1888176134/2331512847 B
2025-11-25T00:53:07.374Z [tructureTask$run$2.invokeSuspend$lambda$1$lambda$0] INFO analyzer downloading: 1898665990/2331512847 B
2025-11-25T00:53:09.790Z [tructureTask$run$2.invokeSuspend$lambda$1$lambda$0] INFO analyzer downloading: 1909155846/2331512847 B
2025-11-25T00:53:11.673Z [tructureTask$run$2.invokeSuspend$lambda$1$lambda$0] INFO analyzer downloading: 1919645702/2331512847 B
2025-11-25T00:53:13.223Z [tructureTask$run$2.invokeSuspend$lambda$1$lambda$0] INFO analyzer downloading: 1930135558/2331512847 B
2025-11-25T00:53:14.517Z [tructureTask$run$2.invokeSuspend$lambda$1$lambda$0] INFO analyzer downloading: 1940625414/2331512847 B
2025-11-25T00:53:15.613Z [tructureTask$run$2.invokeSuspend$lambda$1$lambda$0] INFO analyzer downloading: 1951115270/2331512847 B
2025-11-25T00:53:16.630Z [tructureTask$run$2.invokeSuspend$lambda$1$lambda$0] INFO analyzer downloading: 1961605126/2331512847 B
2025-11-25T00:53:17.723Z [tructureTask$run$2.invokeSuspend$lambda$1$lambda$0] INFO analyzer downloading: 1972094982/2331512847 B
2025-11-25T00:53:20.610Z [tructureTask$run$2.invokeSuspend$lambda$1$lambda$0] INFO analyzer downloading: 1982584838/2331512847 B
2025-11-25T00:53:22.713Z [tructureTask$run$2.invokeSuspend$lambda$1$lambda$0] INFO analyzer downloading: 1993074694/2331512847 B
2025-11-25T00:53:24.633Z [tructureTask$run$2.invokeSuspend$lambda$1$lambda$0] INFO analyzer downloading: 2003564550/2331512847 B
2025-11-25T00:53:26.550Z [tructureTask$run$2.invokeSuspend$lambda$1$lambda$0] INFO analyzer downloading: 2014054406/2331512847 B
2025-11-25T00:53:28.454Z [tructureTask$run$2.invokeSuspend$lambda$1$lambda$0] INFO analyzer downloading: 2024544262/2331512847 B
2025-11-25T00:53:30.362Z [tructureTask$run$2.invokeSuspend$lambda$1$lambda$0] INFO analyzer downloading: 2035034118/2331512847 B
2025-11-25T00:53:32.230Z [tructureTask$run$2.invokeSuspend$lambda$1$lambda$0] INFO analyzer downloading: 2045523974/2331512847 B
2025-11-25T00:53:33.931Z [tructureTask$run$2.invokeSuspend$lambda$1$lambda$0] INFO analyzer downloading: 2056013830/2331512847 B
2025-11-25T00:53:35.943Z [tructureTask$run$2.invokeSuspend$lambda$1$lambda$0] INFO analyzer downloading: 2066503686/2331512847 B
2025-11-25T00:53:37.733Z [tructureTask$run$2.invokeSuspend$lambda$1$lambda$0] INFO analyzer downloading: 2076993542/2331512847 B
2025-11-25T00:53:39.539Z [tructureTask$run$2.invokeSuspend$lambda$1$lambda$0] INFO analyzer downloading: 2087483398/2331512847 B
2025-11-25T00:53:41.168Z [tructureTask$run$2.invokeSuspend$lambda$1$lambda$0] INFO analyzer downloading: 2097973254/2331512847 B
2025-11-25T00:53:42.713Z [tructureTask$run$2.invokeSuspend$lambda$1$lambda$0] INFO analyzer downloading: 2108463110/2331512847 B
2025-11-25T00:53:44.343Z [tructureTask$run$2.invokeSuspend$lambda$1$lambda$0] INFO analyzer downloading: 2118952966/2331512847 B
2025-11-25T00:53:45.975Z [tructureTask$run$2.invokeSuspend$lambda$1$lambda$0] INFO analyzer downloading: 2129442822/2331512847 B
2025-11-25T00:53:47.607Z [tructureTask$run$2.invokeSuspend$lambda$1$lambda$0] INFO analyzer downloading: 2139932678/2331512847 B
2025-11-25T00:53:49.098Z [tructureTask$run$2.invokeSuspend$lambda$1$lambda$0] INFO analyzer downloading: 2150422534/2331512847 B
2025-11-25T00:53:50.636Z [tructureTask$run$2.invokeSuspend$lambda$1$lambda$0] INFO analyzer downloading: 2160912390/2331512847 B
2025-11-25T00:53:52.016Z [tructureTask$run$2.invokeSuspend$lambda$1$lambda$0] INFO analyzer downloading: 2171402246/2331512847 B
2025-11-25T00:53:53.354Z [tructureTask$run$2.invokeSuspend$lambda$1$lambda$0] INFO analyzer downloading: 2181892102/2331512847 B
2025-11-25T00:53:54.538Z [tructureTask$run$2.invokeSuspend$lambda$1$lambda$0] INFO analyzer downloading: 2192381958/2331512847 B
2025-11-25T00:53:55.569Z [tructureTask$run$2.invokeSuspend$lambda$1$lambda$0] INFO analyzer downloading: 2202871814/2331512847 B
